#
# There is insufficient memory for the Java Runtime Environment to continue.
# Native memory allocation (mmap) failed to map 132120576 bytes for Failed to commit area from 0x0000000082600000 to 0x000000008a400000 of length 132120576.
# Possible reasons:
#   The system is out of physical RAM or swap space
#   The process is running with CompressedOops enabled, and the Java Heap may be blocking the growth of the native heap
# Possible solutions:
#   Reduce memory load on the system
#   Increase physical memory or swap space
#   Check if swap backing store is full
#   Decrease Java heap size (-Xmx/-Xms)
#   Decrease number of Java threads
#   Decrease Java thread stack sizes (-Xss)
#   Set larger code cache with -XX:ReservedCodeCacheSize=
# This output file may be truncated or incomplete.
#
#  Out of Memory Error (./src/hotspot/os/windows/os_windows.cpp:3387), pid=30936, tid=43104
#
# JRE version:  (11.0.14.1+1) (build )
# Java VM: OpenJDK 64-Bit Server VM (11.0.14.1+1, mixed mode, sharing, tiered, compressed oops, g1 gc, windows-amd64)
# No core dump will be written. Minidumps are not enabled by default on client versions of Windows
#

---------------  S U M M A R Y ------------

Command Line: -Dfile.encoding=UTF-8 

Host: Intel(R) Core(TM) i7-8750H CPU @ 2.20GHz, 12 cores, 7G,  Windows 10 , 64 bit Build 19041 (10.0.19041.3636)
Time: Mon Dec 11 19:03:13 2023 Hora estándar romance elapsed time: 0.172585 seconds (0d 0h 0m 0s)

---------------  T H R E A D  ---------------

Current thread (0x0000020acc72f000):  JavaThread "Unknown thread" [_thread_in_vm, id=43104, stack(0x0000001cec200000,0x0000001cec300000)]

Stack: [0x0000001cec200000,0x0000001cec300000]
Native frames: (J=compiled Java code, j=interpreted, Vv=VM code, C=native code)
V  [jvm.dll+0x61e59a]
V  [jvm.dll+0x7aaca9]
V  [jvm.dll+0x7ac398]
V  [jvm.dll+0x7aca73]
V  [jvm.dll+0x24f9b8]
V  [jvm.dll+0x61b83a]
V  [jvm.dll+0x6100c5]
V  [jvm.dll+0x30772c]
V  [jvm.dll+0x3075b2]
V  [jvm.dll+0x30c2d6]
V  [jvm.dll+0x35272f]
V  [jvm.dll+0x352160]
V  [jvm.dll+0x2e4728]
V  [jvm.dll+0x2e5886]
V  [jvm.dll+0x784b07]
V  [jvm.dll+0x78628f]
V  [jvm.dll+0x35f479]
V  [jvm.dll+0x767aa0]
V  [jvm.dll+0x3ccf1f]
V  [jvm.dll+0x3cf2b1]
C  [jli.dll+0x5207]
C  [ucrtbase.dll+0x21bb2]
C  [KERNEL32.DLL+0x17344]
C  [ntdll.dll+0x526b1]


---------------  P R O C E S S  ---------------

Threads class SMR info:
_java_thread_list=0x0000020aca503b90, length=0, elements={
}

Java Threads: ( => current thread )

Other Threads:
  0x0000020acc746800 GCTaskThread "GC Thread#0" [stack: 0x0000001cec300000,0x0000001cec400000] [id=34864]
  0x0000020acc779000 ConcurrentGCThread "G1 Main Marker" [stack: 0x0000001cec400000,0x0000001cec500000] [id=20792]
  0x0000020acc77b800 ConcurrentGCThread "G1 Conc#0" [stack: 0x0000001cec500000,0x0000001cec600000] [id=31652]

[error occurred during error reporting (printing all threads), id 0xc0000005, EXCEPTION_ACCESS_VIOLATION (0xc0000005) at pc=0x00007ffc6aa33ef7]

VM state:not at safepoint (not fully initialized)

VM Mutex/Monitor currently owned by a thread:  ([mutex/lock_event])
[0x0000020acc72b1c0] Heap_lock - owner thread: 0x0000020acc72f000

Heap address: 0x0000000082600000, size: 2010 MB, Compressed Oops mode: Non-zero based: 0x0000000082600000
Narrow klass base: 0x0000000000000000, Narrow klass shift: 0

GC Heap History (0 events):
No events

Deoptimization events (0 events):
No events

Classes redefined (0 events):
No events

Internal exceptions (0 events):
No events

Events (1 events):
Event: 0.101 Loaded shared library C:\Program Files\Unity\Hub\Editor\2022.3.14f1\Editor\Data\PlaybackEngines\AndroidPlayer\OpenJDK\bin\zip.dll


Dynamic libraries:
0x00007ff7d11b0000 - 0x00007ff7d11bd000 	C:\Program Files\Unity\Hub\Editor\2022.3.14f1\Editor\Data\PlaybackEngines\AndroidPlayer\OpenJDK\bin\java.exe
0x00007ffd6d830000 - 0x00007ffd6da28000 	C:\WINDOWS\SYSTEM32\ntdll.dll
0x00007ffd6c2c0000 - 0x00007ffd6c37d000 	C:\WINDOWS\System32\KERNEL32.DLL
0x00007ffd6b1f0000 - 0x00007ffd6b4e6000 	C:\WINDOWS\System32\KERNELBASE.dll
0x00007ffd6b650000 - 0x00007ffd6b750000 	C:\WINDOWS\System32\ucrtbase.dll
0x00007ffd57d90000 - 0x00007ffd57da5000 	C:\Program Files\Unity\Hub\Editor\2022.3.14f1\Editor\Data\PlaybackEngines\AndroidPlayer\OpenJDK\bin\VCRUNTIME140.dll
0x00007ffd63730000 - 0x00007ffd63747000 	C:\Program Files\Unity\Hub\Editor\2022.3.14f1\Editor\Data\PlaybackEngines\AndroidPlayer\OpenJDK\bin\jli.dll
0x00007ffd6bda0000 - 0x00007ffd6bf3e000 	C:\WINDOWS\System32\USER32.dll
0x00007ffd6af10000 - 0x00007ffd6af32000 	C:\WINDOWS\System32\win32u.dll
0x00007ffd54b30000 - 0x00007ffd54dca000 	C:\WINDOWS\WinSxS\amd64_microsoft.windows.common-controls_6595b64144ccf1df_6.0.19041.3636_none_60b6a03d71f818d5\COMCTL32.dll
0x00007ffd6d270000 - 0x00007ffd6d29c000 	C:\WINDOWS\System32\GDI32.dll
0x00007ffd6c6f0000 - 0x00007ffd6c78e000 	C:\WINDOWS\System32\msvcrt.dll
0x00007ffd6afc0000 - 0x00007ffd6b0da000 	C:\WINDOWS\System32\gdi32full.dll
0x00007ffd6b0e0000 - 0x00007ffd6b17d000 	C:\WINDOWS\System32\msvcp_win.dll
0x00007ffd6c980000 - 0x00007ffd6c9b0000 	C:\WINDOWS\System32\IMM32.DLL
0x00007ffd15f90000 - 0x00007ffd1602b000 	C:\Program Files\Unity\Hub\Editor\2022.3.14f1\Editor\Data\PlaybackEngines\AndroidPlayer\OpenJDK\bin\msvcp140.dll
0x00007ffc6a740000 - 0x00007ffc6b2c1000 	C:\Program Files\Unity\Hub\Editor\2022.3.14f1\Editor\Data\PlaybackEngines\AndroidPlayer\OpenJDK\bin\server\jvm.dll
0x00007ffd6c790000 - 0x00007ffd6c83f000 	C:\WINDOWS\System32\ADVAPI32.dll
0x00007ffd6b890000 - 0x00007ffd6b92c000 	C:\WINDOWS\System32\sechost.dll
0x00007ffd6d120000 - 0x00007ffd6d246000 	C:\WINDOWS\System32\RPCRT4.dll
0x00007ffd6c9b0000 - 0x00007ffd6c9b8000 	C:\WINDOWS\System32\PSAPI.DLL
0x00007ffd4ae50000 - 0x00007ffd4ae59000 	C:\WINDOWS\SYSTEM32\WSOCK32.dll
0x00007ffd624c0000 - 0x00007ffd624ca000 	C:\WINDOWS\SYSTEM32\VERSION.dll
0x00007ffd597e0000 - 0x00007ffd59807000 	C:\WINDOWS\SYSTEM32\WINMM.dll
0x00007ffd6c8b0000 - 0x00007ffd6c91b000 	C:\WINDOWS\System32\WS2_32.dll
0x00007ffd697b0000 - 0x00007ffd697c2000 	C:\WINDOWS\SYSTEM32\kernel.appcore.dll
0x00007ffd63720000 - 0x00007ffd63730000 	C:\Program Files\Unity\Hub\Editor\2022.3.14f1\Editor\Data\PlaybackEngines\AndroidPlayer\OpenJDK\bin\verify.dll
0x00007ffd58cf0000 - 0x00007ffd58ed4000 	C:\WINDOWS\SYSTEM32\DBGHELP.DLL
0x00007ffd65690000 - 0x00007ffd656c4000 	C:\WINDOWS\SYSTEM32\dbgcore.DLL
0x00007ffd6b800000 - 0x00007ffd6b882000 	C:\WINDOWS\System32\bcryptPrimitives.dll
0x00007ffd1ece0000 - 0x00007ffd1ed08000 	C:\Program Files\Unity\Hub\Editor\2022.3.14f1\Editor\Data\PlaybackEngines\AndroidPlayer\OpenJDK\bin\java.dll
0x00007ffd58910000 - 0x00007ffd5891a000 	C:\Program Files\Unity\Hub\Editor\2022.3.14f1\Editor\Data\PlaybackEngines\AndroidPlayer\OpenJDK\bin\jimage.dll
0x00007ffd57d70000 - 0x00007ffd57d88000 	C:\Program Files\Unity\Hub\Editor\2022.3.14f1\Editor\Data\PlaybackEngines\AndroidPlayer\OpenJDK\bin\zip.dll

dbghelp: loaded successfully - version: 4.0.5 - missing functions: none
symbol engine: initialized successfully - sym options: 0x614 - pdb path: .;C:\Program Files\Unity\Hub\Editor\2022.3.14f1\Editor\Data\PlaybackEngines\AndroidPlayer\OpenJDK\bin;C:\WINDOWS\SYSTEM32;C:\WINDOWS\WinSxS\amd64_microsoft.windows.common-controls_6595b64144ccf1df_6.0.19041.3636_none_60b6a03d71f818d5;C:\Program Files\Unity\Hub\Editor\2022.3.14f1\Editor\Data\PlaybackEngines\AndroidPlayer\OpenJDK\bin\server

VM Arguments:
jvm_args: -Dfile.encoding=UTF-8 
java_command: <unknown>
java_class_path (initial): <not set>
Launcher Type: SUN_STANDARD

[Global flags]
     intx CICompilerCount                          = 4                                         {product} {ergonomic}
     uint ConcGCThreads                            = 3                                         {product} {ergonomic}
     uint G1ConcRefinementThreads                  = 10                                        {product} {ergonomic}
   size_t G1HeapRegionSize                         = 1048576                                   {product} {ergonomic}
    uintx GCDrainStackTargetSize                   = 64                                        {product} {ergonomic}
   size_t InitialHeapSize                          = 132120576                                 {product} {ergonomic}
   size_t MarkStackSize                            = 4194304                                   {product} {ergonomic}
   size_t MaxHeapSize                              = 2107637760                                {product} {ergonomic}
   size_t MinHeapDeltaBytes                        = 1048576                                   {product} {ergonomic}
    uintx NonNMethodCodeHeapSize                   = 5836300                                {pd product} {ergonomic}
    uintx NonProfiledCodeHeapSize                  = 122910970                              {pd product} {ergonomic}
    uintx ProfiledCodeHeapSize                     = 122910970                              {pd product} {ergonomic}
    uintx ReservedCodeCacheSize                    = 251658240                              {pd product} {ergonomic}
     bool SegmentedCodeCache                       = true                                      {product} {ergonomic}
     bool UseCompressedClassPointers               = true                                 {lp64_product} {ergonomic}
     bool UseCompressedOops                        = true                                 {lp64_product} {ergonomic}
     bool UseG1GC                                  = true                                      {product} {ergonomic}
     bool UseLargePagesIndividualAllocation        = false                                  {pd product} {ergonomic}

Logging:
Log output configuration:
 #0: stdout all=warning uptime,level,tags
 #1: stderr all=off uptime,level,tags

Environment Variables:
JAVA_TOOL_OPTIONS=-Dfile.encoding=UTF-8
PATH=C:\Program Files (x86)\Common Files\Oracle\Java\javapath;C:\app\User\product\18.0.0\dbhomeXE\bin;C:\Program Files (x86)\Intel\Intel(R) Management Engine Components\iCLS\;C:\Program Files\Intel\Intel(R) Management Engine Components\iCLS\;C:\Windows\system32;C:\Windows;C:\Windows\System32\Wbem;C:\Windows\System32\WindowsPowerShell\v1.0\;C:\Program Files (x86)\Intel\Intel(R) Management Engine Components\DAL;C:\Program Files\Intel\Intel(R) Management Engine Components\DAL;C:\Program Files (x86)\Intel\Intel(R) Management Engine Components\IPT;C:\Program Files\Intel\Intel(R) Management Engine Components\IPT;C:\Program Files (x86)\NVIDIA Corporation\PhysX\Common;C:\Program Files\Intel\WiFi\bin\;C:\Program Files\Common Files\Intel\WirelessCommon\;C:\WINDOWS\system32;C:\WINDOWS;C:\WINDOWS\System32\Wbem;C:\WINDOWS\System32\WindowsPowerShell\v1.0\;C:\WINDOWS\System32\OpenSSH\;C:\Program Files\dotnet\;C:\Program Files\Microsoft SQL Server\130\Tools\Binn\;C:\Program Files\NVIDIA Corporation\NVIDIA NvDLISR;C:\WINDOWS\system32;C:\WINDOWS;C:\WINDOWS\System32\Wbem;C:\WINDOWS\System32\WindowsPowerShell\v1.0\;C:\WINDOWS\System32\OpenSSH\;C:\Program Files (x86)\BaseX\bin;C:\Program Files\Git\cmd;C:\Users\User\AppData\Local\Microsoft\WindowsApps;C:\Program Files\Intel\WiFi\bin\;C:\Program Files\Common Files\Intel\WirelessCommon\;C:\Program Files\Java\jdk-14.0.1\bin;C:\Users\User\AppData\Local\Programs\Microsoft VS Code\bin;C:\Users\User\.dotnet\tools
USERNAME=User
OS=Windows_NT
PROCESSOR_IDENTIFIER=Intel64 Family 6 Model 158 Stepping 10, GenuineIntel



---------------  S Y S T E M  ---------------

OS: Windows 10 , 64 bit Build 19041 (10.0.19041.3636)
OS uptime: 26 days 7:50 hours

CPU:total 12 (initial active 12) (6 cores per cpu, 2 threads per core) family 6 model 158 stepping 10 microcode 0xb4, cmov, cx8, fxsr, mmx, sse, sse2, sse3, ssse3, sse4.1, sse4.2, popcnt, avx, avx2, aes, clmul, erms, 3dnowpref, lzcnt, ht, tsc, tscinvbit, bmi1, bmi2, adx, fma

Memory: 4k page, system-wide physical 8035M (187M free)
TotalPageFile size 32611M (AvailPageFile size 92M)
current process WorkingSet (physical memory assigned to process): 10M, peak: 10M
current process commit charge ("private bytes"): 64M, peak: 190M

vm_info: OpenJDK 64-Bit Server VM (11.0.14.1+1) for windows-amd64 JRE (11.0.14.1+1), built on Feb  9 2022 01:48:27 by "" with unknown MS VC++:1916

END.
